Using SSH key ssh-rsa 2048 3c:94:80:4c:45:37:01:97:1a:85:ad:d7:a8:fc:b3:72
Enumerating objects: 77798   
Enumerating objects: 158397   
Enumerating objects: 250498   
Enumerating objects: 337029   
Enumerating objects: 404875   
Enumerating objects: 484263   
Enumerating objects: 559766   
Enumerating objects: 633380   
Enumerating objects: 708803   
Enumerating objects: 780147   
Enumerating objects: 849206   
Enumerating objects: 931641   
Enumerating objects: 987248   
Enumerating objects: 1063916   
Enumerating objects: 1154081   
Enumerating objects: 1261990   
Enumerating objects: 1391314   
Enumerating objects: 1482018, done.
Counting objects:   0% (1/1482018)   
Counting objects:   1% (14821/1482018)   
Counting objects:   2% (29641/1482018)   
Counting objects:   3% (44461/1482018)   
Counting objects:   4% (59281/1482018)   
Counting objects:   5% (74101/1482018)   
Counting objects:   6% (88922/1482018)   
Counting objects:   7% (103742/1482018)   
Counting objects:   8% (118562/1482018)   
Counting objects:   9% (133382/1482018)   
Counting objects:  10% (148202/1482018)   
Counting objects:  11% (163022/1482018)   
Counting objects:  12% (177843/1482018)   
Counting objects:  13% (192663/1482018)   
Counting objects:  14% (207483/1482018)   
Counting objects:  15% (222303/1482018)   
Counting objects:  16% (237123/1482018)   
Counting objects:  17% (251944/1482018)   
Counting objects:  18% (266764/1482018)   
Counting objects:  19% (281584/1482018)   
Counting objects:  20% (296404/1482018)   
Counting objects:  21% (311224/1482018)   
Counting objects:  22% (326044/1482018)   
Counting objects:  23% (340865/1482018)   
Counting objects:  24% (355685/1482018)   
Counting objects:  25% (370505/1482018)   
Counting objects:  26% (385325/1482018)   
Counting objects:  27% (400145/1482018)   
Counting objects:  28% (414966/1482018)   
Counting objects:  29% (429786/1482018)   
Counting objects:  30% (444606/1482018)   
Counting objects:  31% (459426/1482018)   
Counting objects:  32% (474246/1482018)   
Counting objects:  33% (489066/1482018)   
Counting objects:  34% (503887/1482018)   
Counting objects:  35% (518707/1482018)   
Counting objects:  36% (533527/1482018)   
Counting objects:  37% (548347/1482018)   
Counting objects:  38% (563167/1482018)   
Counting objects:  39% (577988/1482018)   
Counting objects:  40% (592808/1482018)   
Counting objects:  41% (607628/1482018)   
Counting objects:  42% (622448/1482018)   
Counting objects:  43% (637268/1482018)   
Counting objects:  44% (652088/1482018)   
Counting objects:  45% (666909/1482018)   
Counting objects:  46% (681729/1482018)   
Counting objects:  47% (696549/1482018)   
Counting objects:  48% (711369/1482018)   
Counting objects:  48% (721413/1482018)   
Counting objects:  49% (726189/1482018)   
Counting objects:  50% (741009/1482018)   
Counting objects:  51% (755830/1482018)   
Counting objects:  52% (770650/1482018)   
Counting objects:  53% (785470/1482018)   
Counting objects:  54% (800290/1482018)   
Counting objects:  55% (815110/1482018)   
Counting objects:  56% (829931/1482018)   
Counting objects:  57% (844751/1482018)   
Counting objects:  58% (859571/1482018)   
Counting objects:  59% (874391/1482018)   
Counting objects:  60% (889211/1482018)   
Counting objects:  61% (904031/1482018)   
Counting objects:  62% (918852/1482018)   
Counting objects:  63% (933672/1482018)   
Counting objects:  64% (948492/1482018)   
Counting objects:  65% (963312/1482018)   
Counting objects:  66% (978132/1482018)   
Counting objects:  67% (992953/1482018)   
Counting objects:  68% (1007773/1482018)   
Counting objects:  69% (1022593/1482018)   
Counting objects:  70% (1037413/1482018)   
Counting objects:  71% (1052233/1482018)   
Counting objects:  72% (1067053/1482018)   
Counting objects:  73% (1081874/1482018)   
Counting objects:  74% (1096694/1482018)   
Counting objects:  75% (1111514/1482018)   
Counting objects:  76% (1126334/1482018)   
Counting objects:  77% (1141154/1482018)   
Counting objects:  78% (1155975/1482018)   
Counting objects:  79% (1170795/1482018)   
Counting objects:  80% (1185615/1482018)   
Counting objects:  81% (1200435/1482018)   
Counting objects:  82% (1215255/1482018)   
Counting objects:  83% (1230075/1482018)   
Counting objects:  84% (1244896/1482018)   
Counting objects:  85% (1259716/1482018)   
Counting objects:  86% (1274536/1482018)   
Counting objects:  87% (1289356/1482018)   
Counting objects:  88% (1304176/1482018)   
Counting objects:  89% (1318997/1482018)   
Counting objects:  90% (1333817/1482018)   
Counting objects:  90% (1342068/1482018)   
Counting objects:  91% (1348637/1482018)   
Counting objects:  92% (1363457/1482018)   
Counting objects:  93% (1378277/1482018)   
Counting objects:  94% (1393097/1482018)   
Counting objects:  95% (1407918/1482018)   
Counting objects:  96% (1422738/1482018)   
Counting objects:  97% (1437558/1482018)   
Counting objects:  98% (1452378/1482018)   
Counting objects:  99% (1467198/1482018)   
Counting objects: 100% (1482018/1482018)   
Counting objects: 100% (1482018/1482018), done.
Compressing objects:   0% (1/347606)   
Compressing objects:   1% (3477/347606)   
Compressing objects:   2% (6953/347606)   
Compressing objects:   3% (10429/347606)   
Compressing objects:   4% (13905/347606)   
Compressing objects:   5% (17381/347606)   
Compressing objects:   6% (20857/347606)   
Compressing objects:   7% (24333/347606)   
Compressing objects:   8% (27809/347606)   
Compressing objects:   9% (31285/347606)   
Compressing objects:  10% (34761/347606)   
Compressing objects:  11% (38237/347606)   
Compressing objects:  12% (41713/347606)   
Compressing objects:  13% (45189/347606)   
Compressing objects:  14% (48665/347606)   
Compressing objects:  15% (52141/347606)   
Compressing objects:  16% (55617/347606)   
Compressing objects:  17% (59094/347606)   
Compressing objects:  18% (62570/347606)   
Compressing objects:  19% (66046/347606)   
Compressing objects:  20% (69522/347606)   
Compressing objects:  21% (72998/347606)   
Compressing objects:  22% (76474/347606)   
Compressing objects:  23% (79950/347606)   
Compressing objects:  24% (83426/347606)   
Compressing objects:  25% (86902/347606)   
Compressing objects:  26% (90378/347606)   
Compressing objects:  27% (93854/347606)   
Compressing objects:  28% (97330/347606)   
Compressing objects:  29% (100806/347606)   
Compressing objects:  30% (104282/347606)   
Compressing objects:  31% (107758/347606)   
Compressing objects:  32% (111234/347606)   
Compressing objects:  33% (114710/347606)   
Compressing objects:  34% (118187/347606)   
Compressing objects:  35% (121663/347606)   
Compressing objects:  36% (125139/347606)   
Compressing objects:  37% (128615/347606)   
Compressing objects:  38% (132091/347606)   
Compressing objects:  39% (135567/347606)   
Compressing objects:  40% (139043/347606)   
Compressing objects:  41% (142519/347606)   
Compressing objects:  42% (145995/347606)   
Compressing objects:  43% (149471/347606)   
Compressing objects:  44% (152947/347606)   
Compressing objects:  45% (156423/347606)   
Compressing objects:  46% (159899/347606)   
Compressing objects:  47% (163375/347606)   
Compressing objects:  48% (166851/347606)   
Compressing objects:  49% (170327/347606)   
Compressing objects:  50% (173803/347606)   
Compressing objects:  51% (177280/347606)   
Compressing objects:  52% (180756/347606)   
Compressing objects:  53% (184232/347606)   
Compressing objects:  54% (187708/347606)   
Compressing objects:  55% (191184/347606)   
Compressing objects:  56% (194660/347606)   
Compressing objects:  57% (198136/347606)   
Compressing objects:  58% (201612/347606)   
Compressing objects:  59% (205088/347606)   
Compressing objects:  60% (208564/347606)   
Compressing objects:  61% (212040/347606)   
Compressing objects:  62% (215516/347606)   
Compressing objects:  63% (218992/347606)   
Compressing objects:  64% (222468/347606)   
Compressing objects:  65% (225944/347606)   
Compressing objects:  66% (229420/347606)   
Compressing objects:  67% (232897/347606)   
Compressing objects:  68% (236373/347606)   
Compressing objects:  69% (239849/347606)   
Compressing objects:  70% (243325/347606)   
Compressing objects:  71% (246801/347606)   
Compressing objects:  72% (250277/347606)   
Compressing objects:  73% (253753/347606)   
Compressing objects:  74% (257229/347606)   
Compressing objects:  75% (260705/347606)   
Compressing objects:  76% (264181/347606)   
Compressing objects:  77% (267657/347606)   
Compressing objects:  78% (271133/347606)   
Compressing objects:  79% (274609/347606)   
Compressing objects:  80% (278085/347606)   
Compressing objects:  81% (281561/347606)   
Compressing objects:  82% (285037/347606)   
Compressing objects:  83% (288513/347606)   
Compressing objects:  84% (291990/347606)   
Compressing objects:  85% (295466/347606)   
Compressing objects:  86% (298942/347606)   
Compressing objects:  87% (302418/347606)   
Compressing objects:  88% (305894/347606)   
Compressing objects:  89% (309370/347606)   
Compressing objects:  90% (312846/347606)   
Compressing objects:  91% (316322/347606)   
Compressing objects:  92% (319798/347606)   
Compressing objects:  93% (323274/347606)   
Compressing objects:  94% (326750/347606)   
Compressing objects:  95% (330226/347606)   
Compressing objects:  96% (333702/347606)   
Compressing objects:  97% (337178/347606)   
Compressing objects:  98% (340654/347606)   
Compressing objects:  99% (344130/347606)   
Compressing objects: 100% (347606/347606)   
cannot extend packfile '/private/var/mobile/Containers/Shared/AppGroup/260C7498-1BFB-428B-829E-47533A947DBE/File Provider Storage/Repositories/GitLab Community Edition/.git/objects/pack/pack_git2_T9MuqQ': No space left on device
Interpreting last error as: The request timed out.