-----BEGIN PGP PUBLIC KEY BLOCK-----
Comment: User-ID:	Product Security Signify <lightingproductsecurity@signify.com>
Comment: a.k.a.:	Product Security Philips Lighting <lightingproductsecurity@philips.com>
Comment: a.k.a.:	Product Security Philips Lighting <lightingproductsecurity@lighting.com>
Comment: Created:	2016-02-01 17:26
Comment: Expires:	2020-11-30 12:00
Comment: Type:	2048-bit RSA (secret key available)
Comment: Usage:	Signing, Encryption, Certifying User-IDs
Comment: Fingerprint:	5AFB7EC1EEDE3C467EA5C2A95511B5CC22A9E3E0


mQENBFavh0QBCAC8TuXt+RMMYon4eyF08IVcL6QM691vQfNmswduAiHEwBLl3Ras
/mCSWBZv/jIw+teTclurfFmyycFX3k7qFlei6gf9ougLouscofVWMXxQb2cEJWVe
es9oOX/hJ5Ww39to/04fy1EB7oFwh0XYOuBrPaXCGBhY2O95pjOlYEGMCuFCJ/zE
fcm/jQHbsBXSzeB8y4Nq8U6W+mJaY3B7VXohICSs8YJfniHp/OzCPcQK675EyGLK
m8F5AGxsBxK9Xd0zfJQgbufhCULug02euTkWkkU4WQPVK/j6erq4aayzX0dBmSvI
+UxHrgZ/6jpMi05RfSG2jai8tsvE/AvQ6u3lABEBAAG0PlByb2R1Y3QgU2VjdXJp
dHkgU2lnbmlmeSA8bGlnaHRpbmdwcm9kdWN0c2VjdXJpdHlAc2lnbmlmeS5jb20+
iQFUBBMBCAA+FiEEWvt+we7ePEZ+pcKpVRG1zCKp4+AFAluSI1sCGwMFCQkVSWwF
CwkIBwIGFQoJCAsCBBYCAwECHgECF4AACgkQVRG1zCKp4+DIIgf8Cx/v1zf71YlZ
FeRB9Zb9Hq/O7JOI+YRAWPsGEF84oht1vUMrqgvW1E96PJn2Y1tNkDjyPUcBZ2To
xzz+J/ocHOLXvZgaMrOYua1ZdM1KmMagKLCyTFI8f/qJZvzmNUMKGosvYs9t6siT
ORvrRdnssN3MGTdmHk1l1GLn1LxHXdWqDn2xxUoBZ8CQyzFHotNRBAaHEn0PSXKN
A/I+kyk+x8wcO0gqDqS23iHiHhCaBBCsmXyYSIwXP/JUgMcZUIuUbleBN2T2K84O
YsD4XxKStn3Zh28TG8cXVrN0BKlEo3zpjFCjUlkTMlULdEk7muPzK/pbXr4haTDg
cI5P9cIbaYkBVAQTAQgAPgIbAwULCQgHAgYVCgkICwIEFgIDAQIeAQIXgBYhBFr7
fsHu3jxGfqXCqVURtcwiqePgBQJbkP6hBQkJFUlsAAoJEFURtcwiqePgz9EH/iun
mD4dbLxC5Ge5dusfqAfMA+xWzSq9XGSRH0E1PPNOXGl7lAFXTRe9qugTo9Cqcfuf
cJj7tUn1l6swXN2P3twz4U4i+AOTtJEh8U7PweKecblBlzHcedl5vjTrWUViGMCV
z+sRdUWuUoQfu6su04yAgNYeb4BQQXScJJPzA7r9bBC0Z87u+MKwyaub7z8QHtaz
LwRJsKpOiGszAzyJeJ2vLeXc+eaN1BGeKPgKHe4MLlgNLUGJyurRskwk+Jq/GWTq
aF5F5ta6wlXpAG/kL38utn0vpdk4Qz567z47VZUpTD9HNrDVLh61qqgGMiyuGKgf
VBo8y2PnXngvSI1lRQC0R1Byb2R1Y3QgU2VjdXJpdHkgUGhpbGlwcyBMaWdodGlu
ZyA8bGlnaHRpbmdwcm9kdWN0c2VjdXJpdHlAcGhpbGlwcy5jb20+iQFWBBMBCABA
AhsDBwsJCAcDAgEGFQgCCQoLBBYCAwECHgECF4AWIQRa+37B7t48Rn6lwqlVEbXM
Iqnj4AUCW5Ii9gUJCRVJbAAKCRBVEbXMIqnj4NB/CACBOLmKLwamgG46+3+XQHXa
sCnmmrN4otXNHa53CVLJbIaPDzu31zWzo1BF30iZTZiniC9w2ja2uUeJY4Cvnc+u
g1JJsIrgpNn4Z4RI5St6RLfRCTgmMKwehBr3IavRYIOWRLCufXj9EFSeJ1eltluo
CZv4X5gzlHU1lthZVhVPMTWl6eY+Hsc2sXklFGiciDJXVY+p+bYzmwZn0gK52vJi
ERXrZSapuNv9BNHVP1/eWE8881k1mE+9Wk1iq1VPU3Vxwpaw2f1PCjBDCJKKl2t1
gw1daWbD5VrlabMcxV37tle2j4RddzDJke3Ct5g7retoPK5TmQxE3iAXhpm0vOm0
iQFWBBMBCABAAhsDBwsJCAcDAgEGFQgCCQoLBBYCAwECHgECF4AWIQRa+37B7t48
Rn6lwqlVEbXMIqnj4AUCWlcj1wUJCRVJbAAKCRBVEbXMIqnj4AeFB/9pWPszl0Z8
q5ONljVkYG1GgbXUvqnKB+0YsYkYJlabtG63s4aVLh92jX9WWZDo+lPiVy8M7jo1
htuGinunCIZRVfKo5lie1Y2pxRDVLD0Gu1oI5OT/8KDWTu8hKq3bBqmB6iZgtev/
rIh7/++6iGFruIGbhyH91BHNOmsMQ976NBMflYNfCFuvj956wTj1eWrXNc/2MQbM
Sysu1egkd8xiSIa22GGRzMPLGnjwNCRp4oHNcp3Bm7IJcU3dW7cOfhunG4FmAaTo
y/BIq7DB5Q6adS+l32z4MU1ESDU7XKaNboij13Zd3td79usx4zIp5H9tAIr4BzAL
nz6EsKTZSKPdiQEzBBABCAAdFiEESKSauGUCI5QzK3jSZ7mNt2eM0EQFAlpXJI0A
CgkQZ7mNt2eM0ETxLgf9H3GBVmUduWOdhtUtyu1RWZ29jFhEftZrTs7TUsBNlD30
HN8eHFJ5PRAvU9NrSjupPQKQSVFwgD6moRqoXAoNeW5Oti7HPoZEHUDgzz2iHPjs
bVCi9IC9XnwLt7N2UWx2yGIncQO+A58fHte06Gm+FCIV7jrW3R7j0J93B4hO+gAk
bDpoF7nexLBBUO/CZxUawOYCq2TnEabrAci+cK7UY6zlCoe9eyRjqERK2ks10Hxf
tmE5b0cfpcoQ1zQWxXpY6svX1WEOwQ5doYjCz1jz5jR7KXVrZwT99TVqbZfWLkZF
vmpZ4hMBLoDCbeVzP7NxN+N+N+BGa5dR6eX2dzy9UIkBPwQTAQgAKQUCVq+HRAIb
AwUJA8Nr7AcLCQgHAwIBBhUIAgkKCwQWAgMBAh4BAheAAAoJEFURtcwiqePg97II
AK+cQZ0Vcg4LSa9lVxGSfo3genQfG69JER7DDUDArVMmSj0Oq0eLlbVVibBbRAdk
J1Q6bU63FBcqijIk1Mywl/JNEzh5tpyAmj6xablH+vKNrEmJAhqcjuYU5XXi2yjJ
lY+xvGrJm5DgP+4/uwZXd9GrPnHvjjKm0n95ZDUvwFiByLJAsv578F8U7u43uRfm
E+jIqDOslF+OuMlRhBfxZcMhc9V8kxHLLLRVbVj2xjtQ1nWE1kKjJiq1N3z8Jr2i
zqsVjAusbIM3mjwNshfUZOrQYPHCR0UxTjjLf4ptbAWKMlNYluDg+GF82WRdp2+t
iJ8Gl2nAUQJJldXtsB2faw2JAVYEEwEIAEACGwMHCwkIBwMCAQYVCAIJCgsEFgID
AQIeAQIXgBYhBFr7fsHu3jxGfqXCqVURtcwiqePgBQJbkP7PBQkJFUlsAAoJEFUR
tcwiqePgOKwH/jc1x9bgMXk3mqP4K1daUUhfmLh3zdFO/1LsaJZD+KbNk7vfggkG
Oedu4wlkVMSdQGEbPOt+tQ59OmsGhO256PSUt/wSZKrsx5ukmJ2nyUmUzZY706lQ
m7vNFrw6F5aplhFCq4+6hr0R8tCKCQD8fOOGxFKp9MR1nfOtqi0HUTujZLKH5nNL
6rfLp+bUt0AORBEZ6i93y60W8TKs30gOWwdOcN9Vw2xxn5i5L+pumGd78BgpPyls
tGVY+6887qJlVXzostUpIyov48SMfEmC6UM3xZX0eOjrrZ5sJOEGSqgpBAv2Dfwn
Nu1aofThKC2g3bZBkNxNM4KUntIcH9+LfIi0SFByb2R1Y3QgU2VjdXJpdHkgUGhp
bGlwcyBMaWdodGluZyA8bGlnaHRpbmdwcm9kdWN0c2VjdXJpdHlAbGlnaHRpbmcu
Y29tPokBVAQTAQgAPhYhBFr7fsHu3jxGfqXCqVURtcwiqePgBQJaVyUyAhsDBQkJ
FUlsBQsJCAcCBhUICQoLAgQWAgMBAh4BAheAAAoJEFURtcwiqePgFUoH/RR6OY/g
T64bplS1wGreTlgEr+XKt54/mWHzdld+0Qf72lKXToCCoKKiEQSPtOnru7DXnR7B
rcvgk+AqqlrJEeDJ1in4N3HDR4Q/mFODBbkA0I56aqrE7Y3J7+Ea2DK5O1Up1zR+
MLTf35EYDuW3ugwjgbF1Vg/R1g0aJG5lQ5PSXhq6Z8xnwMAaAwVW5g+cKX+hh4LG
2ImetFx64jWWF2nKQdA1YEIE7sdFEvHwTOK5r9fj1IWpZ4bioi6M6wOEu0YjCGUO
k00kuRnh51uWbsXRMPBsC0o3BtRxNGsQbT0gzT1ZddUYCe0y0kV0yGyAqXXx8gjY
eMd2QGLT74SVF4WJATMEEAEIAB0WIQRIpJq4ZQIjlDMreNJnuY23Z4zQRAUCWlcl
cAAKCRBnuY23Z4zQROTTB/9DcpwJ6SOyXfS3JPeNLAP46Zc9Z6w5BA9tJ/OVUjs8
wb+zQfSQJqgBFHa2O815+ItXsTKH99KA05Q0kH9h2GjhYUha+dl2vgix2OmrnPhE
Xc0owNROV0BmfQhpjT4mi1iaqMRJK+i4rRrSknkoVLzQgXPd+tOCyPUJ+HhK+vnY
iGKh2bu1dHrEyWckW8tAif+gJlH+9TnT8tpYwoUXPBdcmgprdlPuxtHzq0hvgDCo
zf58LriRDZDZyJyErJnoDLX7xYzBmu71mScU6T/f0nCq12aultKat1/bq3yJKWV5
40sSCnWPFRpsTRYCz0kA4PG1lNIYdZaGK5TsuJUhor9fiQFUBBMBCAA+AhsDBQsJ
CAcCBhUICQoLAgQWAgMBAh4BAheAFiEEWvt+we7ePEZ+pcKpVRG1zCKp4+AFAluQ
/s8FCQkVSWwACgkQVRG1zCKp4+DBiQf9EMVaZ6UKZX3E/gtMRsliwxY1HT0lsl98
BZV/TRpvYQTAAYzDDt1YfihNVh16ksby5D+5lOe6/DkWFQ9SF88bJpPLIngrUAnW
+UOvmsv+LBmYQGpqfCuZcVM31VJwCkpb8ZitdQNkRF3DsmaVovl/BvozvLvrhH+i
10rCDQaHfpT5tGjcHtH3RCNo8Z8wAAED/zI+QjzwXg1GbGhK00lDozXYMdHKyv01
uvBpNIbm0vpB6vSwtCgZopPGYm39ap6YwLAbQtDWANefFCou/QYuCSbYbNtcNc1w
d2KZcxn8+VBpbGLilnxl9AXzP2NjUJLy715AouIZo6D637C1HRwHDLkBDQRWr4dE
AQgA+eNBoMIjH68QBLEGrK1vD1lBIFjwmC9BMeTaGPmqfB46qRAJYLKgdwHb1GiF
L0FMx9ZIfOKqjLXtZPOdxDHC4pTAKStGncmPJSbqpFGslcbn8Ana8KiAcS8MPBVF
ABCQwHH5VmFYUdC1r59uyXDt/arshQ2a4kJaLKBpafqBJWXpbQFmEhnZMhpBLafl
6QN2ECRsr6c5hdzRZZCrf4xfg1Q0voqamTXqXLOOoQLacYS2Rs8NfyfZ2oFbHhvW
CXUG2aECKBslYN4i4ER6mlmSrx9oInRcK0Et95ETjSrD04SHVrlCVbQgi7lqXjbF
q5PaY80x4q0H2z20PvNcC7PtPwARAQABiQE8BBgBCAAmAhsMFiEEWvt+we7ePEZ+
pcKpVRG1zCKp4+AFAluSJPsFCQkOfLcACgkQVRG1zCKp4+CE/QgApzvg66vFm3Mp
8U0938KoId0VpZO15qwBstadcOh/l5gcC8Ui0mX/ZomeUg/I7iLeul/iLbG+fQuB
E7AgTIFX2EvWstTNcZWzEXnrSKlhgaRE0I86P1ZGnErLw8S2AMab36lRALIDg+BW
6onWTJYjYilcpQZ14v1POMVoPlkPpGZUcfya8uB8cR1OFaFPle7VXx6ga3hPXQKu
ZHmsSz5P/4N1UzfQfWYUgpRb2srNRy6jYTJJKqiW3bnEuJLhpNHWQvIXd5aHajnG
2kqfBXbGhX5TuN0AmjZsnn6njvQU4G6NEOb/KJAYdRI6Ldv38gpp4T+9LIHb3MHY
fIFufW0Lhw==
=HfeH
-----END PGP PUBLIC KEY BLOCK-----